<?xml version="1.0" encoding="UTF-8"?>
<testng-results ignored="0" total="1" passed="1" failed="0" skipped="0">
  <reporter-output>
  </reporter-output>
  <suite started-at="2021-06-25T08:57:43Z" name="Default suite" finished-at="2021-06-25T08:58:09Z" duration-ms="25359">
    <groups>
      <group name="cucumber">
        <method signature="AbstractTestNGCucumberTests.runScenario(io.cucumber.testng.PickleWrapper, io.cucumber.testng.FeatureWrapper)[pri:0, instance:runners.CRMRunner@3c0be339]" name="runScenario" class="io.cucumber.testng.AbstractTestNGCucumberTests"/>
      </group> <!-- cucumber -->
    </groups>
    <test started-at="2021-06-25T08:57:43Z" name="Default test" finished-at="2021-06-25T08:58:09Z" duration-ms="25359">
      <class name="runners.CRMRunner">
        <test-method is-config="true" signature="setUpClass()[pri:0, instance:runners.CRMRunner@3c0be339]" started-at="2021-06-25T08:57:43Z" name="setUpClass" finished-at="2021-06-25T08:57:44Z" duration-ms="565" status="PASS">
          <reporter-output>
          </reporter-output>
        </test-method> <!-- setUpClass -->
        <test-method signature="runScenario(io.cucumber.testng.PickleWrapper, io.cucumber.testng.FeatureWrapper)[pri:0, instance:runners.CRMRunner@3c0be339]" started-at="2021-06-25T08:57:44Z" name="runScenario" description="Runs Cucumber Scenarios" data-provider="scenarios" finished-at="2021-06-25T08:58:09Z" duration-ms="24737" status="PASS">
          <params>
            <param index="0">
              <value>
                <![CDATA["Valid Login Scenario"]]>
              </value>
            </param>
            <param index="1">
              <value>
                <![CDATA["Optional[CRM Login]"]]>
              </value>
            </param>
          </params>
          <reporter-output>
          </reporter-output>
        </test-method> <!-- runScenario -->
        <test-method is-config="true" signature="tearDownClass()[pri:0, instance:runners.CRMRunner@3c0be339]" started-at="2021-06-25T08:58:09Z" name="tearDownClass" finished-at="2021-06-25T08:58:09Z" duration-ms="16" status="PASS">
          <reporter-output>
          </reporter-output>
        </test-method> <!-- tearDownClass -->
      </class> <!-- runners.CRMRunner -->
    </test> <!-- Default test -->
  </suite> <!-- Default suite -->
</testng-results>
